CREATE EXTENSION ddl_detector;
SELECT slot_name FROM pg_create_logical_replication_slot('test', 'test_decoding');
 slot_name 
-----------
 test
(1 row)

CREATE TABLE IF NOT EXISTS foo (id int, data text, value real);
INFO:  deparse result: CREATE TABLE IF NOT EXISTS public.foo ( id pg_catalog.int4, data text, value pg_catalog.float4 );
SELECT data FROM pg_logical_slot_get_changes('test', NULL, NULL, 'include-xids', '0');
                                                                               data                                                                               
------------------------------------------------------------------------------------------------------------------------------------------------------------------
 BEGIN
 message: transactional: 1 prefix: ddl_detector, sz: 97 content:CREATE TABLE IF NOT EXISTS public.foo ( id pg_catalog.int4, data text, value pg_catalog.float4 );
 COMMIT
(3 rows)

DROP TABLE foo;
SELECT * FROM pg_drop_replication_slot('test');
 pg_drop_replication_slot 
--------------------------
 
(1 row)

